Build started 9/11/2011 0:35:52.
     1>Project "C:\Users\kaichi\documents\visual studio 2010\Projects\cis26\cis26\cis26.vcxproj" on node 2 (build target(s)).
     1>InitializeBuildStatus:
         Creating "Debug\cis26.unsuccessfulbuild" because "AlwaysCreate" was specified.
       ClCompile:
         C:\Program Files\Microsoft Visual Studio 10.0\VC\bin\CL.exe /c /ZI /nologo /W3 /WX- /Od /Oy- /D WIN32 /D _DEBUG /D _CONSOLE /D _UNICODE /D UNICODE /Gm /EHsc /RTC1 /MDd /GS /fp:precise /Zc:wchar_t /Zc:forScope /Fo"Debug\\" /Fd"Debug\vc100.pdb" /Gd /TC /analyze- /errorReport:prompt ..\..\hw.c
         hw.c
     1>c:\users\kaichi\documents\visual studio 2010\projects\hw.c(18): warning C4305: 'initializing' : truncation from 'double' to 'float'
     1>c:\users\kaichi\documents\visual studio 2010\projects\hw.c(28): warning C4996: 'scanf': This function or variable may be unsafe. Consider using scanf_s instead. To disable deprecation, use _CRT_SECURE_NO_WARNINGS. See online help for details.
                 c:\program files\microsoft visual studio 10.0\vc\include\stdio.h(304) : see declaration of 'scanf'
     1>c:\users\kaichi\documents\visual studio 2010\projects\hw.c(30): warning C4996: 'scanf': This function or variable may be unsafe. Consider using scanf_s instead. To disable deprecation, use _CRT_SECURE_NO_WARNINGS. See online help for details.
                 c:\program files\microsoft visual studio 10.0\vc\include\stdio.h(304) : see declaration of 'scanf'
     1>c:\users\kaichi\documents\visual studio 2010\projects\hw.c(32): warning C4996: 'scanf': This function or variable may be unsafe. Consider using scanf_s instead. To disable deprecation, use _CRT_SECURE_NO_WARNINGS. See online help for details.
                 c:\program files\microsoft visual studio 10.0\vc\include\stdio.h(304) : see declaration of 'scanf'
     1>c:\users\kaichi\documents\visual studio 2010\projects\hw.c(34): warning C4996: 'scanf': This function or variable may be unsafe. Consider using scanf_s instead. To disable deprecation, use _CRT_SECURE_NO_WARNINGS. See online help for details.
                 c:\program files\microsoft visual studio 10.0\vc\include\stdio.h(304) : see declaration of 'scanf'
     1>c:\users\kaichi\documents\visual studio 2010\projects\hw.c(36): warning C4996: 'scanf': This function or variable may be unsafe. Consider using scanf_s instead. To disable deprecation, use _CRT_SECURE_NO_WARNINGS. See online help for details.
                 c:\program files\microsoft visual studio 10.0\vc\include\stdio.h(304) : see declaration of 'scanf'
     1>c:\users\kaichi\documents\visual studio 2010\projects\hw.c(24): warning C4101: 'tax' : unreferenced local variable
     1>c:\users\kaichi\documents\visual studio 2010\projects\hw.c(25): warning C4101: 'total' : unreferenced local variable
     1>c:\users\kaichi\documents\visual studio 2010\projects\hw.c(23): warning C4101: 'subtotal' : unreferenced local variable
     1>c:\users\kaichi\documents\visual studio 2010\projects\hw.c(22): warning C4101: 'totalprice' : unreferenced local variable
       ManifestResourceCompile:
         All outputs are up-to-date.
       Link:
         C:\Program Files\Microsoft Visual Studio 10.0\VC\bin\link.exe /ERRORREPORT:PROMPT /OUT:"C:\Users\kaichi\documents\visual studio 2010\Projects\cis26\Debug\cis26.exe" /INCREMENTAL /NOLOGO kernel32.lib user32.lib gdi32.lib winspool.lib comdlg32.lib advapi32.lib shell32.lib ole32.lib oleaut32.lib uuid.lib odbc32.lib odbccp32.lib /MANIFEST /ManifestFile:"Debug\cis26.exe.intermediate.manifest" /MANIFESTUAC:"level='asInvoker' uiAccess='false'" /DEBUG /PDB:"C:\Users\kaichi\documents\visual studio 2010\Projects\cis26\Debug\cis26.pdb" /SUBSYSTEM:CONSOLE /TLBID:1 /DYNAMICBASE /NXCOMPAT /IMPLIB:"C:\Users\kaichi\documents\visual studio 2010\Projects\cis26\Debug\cis26.lib" /MACHINE:X86 Debug\cis26.exe.embed.manifest.res
         Debug\hw.obj
       Manifest:
         C:\Program Files\Microsoft SDKs\Windows\v7.0A\bin\mt.exe /nologo /verbose /out:"Debug\cis26.exe.embed.manifest" /manifest Debug\cis26.exe.intermediate.manifest
         All outputs are up-to-date.
       LinkEmbedManifest:
         All outputs are up-to-date.
         cis26.vcxproj -> C:\Users\kaichi\documents\visual studio 2010\Projects\cis26\Debug\cis26.exe
       FinalizeBuildStatus:
         Deleting file "Debug\cis26.unsuccessfulbuild".
         Touching "Debug\cis26.lastbuildstate".
     1>Done Building Project "C:\Users\kaichi\documents\visual studio 2010\Projects\cis26\cis26\cis26.vcxproj" (build target(s)).

Build succeeded.

Time Elapsed 00:00:01.34
