Build started 27/8/2011 18:08:27.
     1>Project "c:\Users\kaichi\documents\visual studio 2010\Projects\cis26Fall2011\cis26Fall2011\cis26Fall2011.vcxproj" on node 2 (build target(s)).
     1>InitializeBuildStatus:
         Creating "Debug\cis26Fall2011.unsuccessfulbuild" because "AlwaysCreate" was specified.
       ClCompile:
         C:\Program Files\Microsoft Visual Studio 10.0\VC\bin\CL.exe /c /ZI /nologo /W3 /WX- /Od /Oy- /D WIN32 /D _DEBUG /D _CONSOLE /D _UNICODE /D UNICODE /Gm /EHsc /RTC1 /MDd /GS /fp:precise /Zc:wchar_t /Zc:forScope /Fo"Debug\\" /Fd"Debug\vc100.pdb" /Gd /TC /analyze- /errorReport:prompt ..\..\cis26Fall2011L43671KaChiLauLab1Ex3.c
         cis26Fall2011L43671KaChiLauLab1Ex3.c
       ManifestResourceCompile:
         All outputs are up-to-date.
       Link:
         C:\Program Files\Microsoft Visual Studio 10.0\VC\bin\link.exe /ERRORREPORT:PROMPT /OUT:"c:\users\kaichi\documents\visual studio 2010\Projects\cis26Fall2011\Debug\cis26Fall2011.exe" /INCREMENTAL /NOLOGO kernel32.lib user32.lib gdi32.lib winspool.lib comdlg32.lib advapi32.lib shell32.lib ole32.lib oleaut32.lib uuid.lib odbc32.lib odbccp32.lib /MANIFEST /ManifestFile:"Debug\cis26Fall2011.exe.intermediate.manifest" /MANIFESTUAC:"level='asInvoker' uiAccess='false'" /DEBUG /PDB:"c:\users\kaichi\documents\visual studio 2010\Projects\cis26Fall2011\Debug\cis26Fall2011.pdb" /SUBSYSTEM:CONSOLE /TLBID:1 /DYNAMICBASE /NXCOMPAT /IMPLIB:"c:\users\kaichi\documents\visual studio 2010\Projects\cis26Fall2011\Debug\cis26Fall2011.lib" /MACHINE:X86 Debug\cis26Fall2011.exe.embed.manifest.res
         Debug\cis26Fall2011L43671KaChiLauLab1Ex3.obj
       Manifest:
         C:\Program Files\Microsoft SDKs\Windows\v7.0A\bin\mt.exe /nologo /verbose /out:"Debug\cis26Fall2011.exe.embed.manifest" /manifest Debug\cis26Fall2011.exe.intermediate.manifest
         All outputs are up-to-date.
       LinkEmbedManifest:
         All outputs are up-to-date.
         cis26Fall2011.vcxproj -> c:\users\kaichi\documents\visual studio 2010\Projects\cis26Fall2011\Debug\cis26Fall2011.exe
       FinalizeBuildStatus:
         Deleting file "Debug\cis26Fall2011.unsuccessfulbuild".
         Touching "Debug\cis26Fall2011.lastbuildstate".
     1>Done Building Project "c:\Users\kaichi\documents\visual studio 2010\Projects\cis26Fall2011\cis26Fall2011\cis26Fall2011.vcxproj" (build target(s)).

Build succeeded.

Time Elapsed 00:00:01.12
