Build started 20/1/2013 14:47:27.
     1>Project "c:\Users\kaichi\documents\visual studio 2010\Projects\abcd\abcd\abcd.vcxproj" on node 2 (build target(s)).
     1>InitializeBuildStatus:
         Touching "Debug\abcd.unsuccessfulbuild".
       ClCompile:
         C:\Program Files\Microsoft Visual Studio 10.0\VC\bin\CL.exe /c /ZI /nologo /W3 /WX- /Od /Oy- /D WIN32 /D _DEBUG /D _CONSOLE /D _UNICODE /D UNICODE /Gm /EHsc /RTC1 /MDd /GS /fp:precise /Zc:wchar_t /Zc:forScope /Fo"Debug\\" /Fd"Debug\vc100.pdb" /Gd /TC /analyze- /errorReport:prompt "..\..\..\..\..\Downloads\Cis 27\cis27Program001Prep.c" "..\..\..\..\..\Downloads\Cis 27\cis27Program002Prep.c" ..\..\..\..\..\Downloads\cis27Program002Prep.c
         cis27Program002Prep.c
     1>c1 : fatal error C1083: Cannot open source file: '..\..\..\..\..\Downloads\cis27Program002Prep.c': No such file or directory
         cis27Program002Prep.c
     1>c:\users\kaichi\downloads\cis 27\cis27program002prep.c(13): warning C4996: 'gets': This function or variable may be unsafe. Consider using gets_s instead. To disable deprecation, use _CRT_SECURE_NO_WARNINGS. See online help for details.
                 c:\program files\microsoft visual studio 10.0\vc\include\stdio.h(277) : see declaration of 'gets'
     1>c:\users\kaichi\downloads\cis 27\cis27program002prep.c(22): warning C4996: 'gets': This function or variable may be unsafe. Consider using gets_s instead. To disable deprecation, use _CRT_SECURE_NO_WARNINGS. See online help for details.
                 c:\program files\microsoft visual studio 10.0\vc\include\stdio.h(277) : see declaration of 'gets'
     1>c:\users\kaichi\downloads\cis 27\cis27program002prep.c(31): warning C4996: 'gets': This function or variable may be unsafe. Consider using gets_s instead. To disable deprecation, use _CRT_SECURE_NO_WARNINGS. See online help for details.
                 c:\program files\microsoft visual studio 10.0\vc\include\stdio.h(277) : see declaration of 'gets'
     1>c:\users\kaichi\downloads\cis 27\cis27program002prep.c(38): warning C4996: 'gets': This function or variable may be unsafe. Consider using gets_s instead. To disable deprecation, use _CRT_SECURE_NO_WARNINGS. See online help for details.
                 c:\program files\microsoft visual studio 10.0\vc\include\stdio.h(277) : see declaration of 'gets'
         cis27Program001Prep.c
     1>c:\users\kaichi\downloads\cis 27\cis27program001prep.c(11): error C2059: syntax error : '['
     1>c:\users\kaichi\downloads\cis 27\cis27program001prep.c(15): error C2059: syntax error : '['
         Generating Code...
     1>Done Building Project "c:\Users\kaichi\documents\visual studio 2010\Projects\abcd\abcd\abcd.vcxproj" (build target(s)) -- FAILED.

Build FAILED.

Time Elapsed 00:00:00.81
