C:\USERS\KAICHI\DOCUMENTS\VISUAL STUDIO 2010\PROJECTS\ABCD\ABCD\DEBUG\ABCD.EXE.EMBED.MANIFEST
C:\USERS\KAICHI\DOCUMENTS\VISUAL STUDIO 2010\PROJECTS\ABCD\ABCD\DEBUG\ABCD.EXE.EMBED.MANIFEST.RES
C:\USERS\KAICHI\DOCUMENTS\VISUAL STUDIO 2010\PROJECTS\ABCD\ABCD\DEBUG\ABCD.EXE.INTERMEDIATE.MANIFEST
c:\Users\kaichi\documents\visual studio 2010\Projects\abcd\abcd\Debug\abcd_manifest.rc
C:\USERS\KAICHI\DOCUMENTS\VISUAL STUDIO 2010\PROJECTS\ABCD\ABCD\DEBUG\CIS27PROGRAM002PREP.OBJ
c:\Users\kaichi\documents\visual studio 2010\Projects\abcd\abcd\Debug\cl.command.1.tlog
c:\Users\kaichi\documents\visual studio 2010\Projects\abcd\abcd\Debug\CL.read.1.tlog
c:\Users\kaichi\documents\visual studio 2010\Projects\abcd\abcd\Debug\CL.write.1.tlog
c:\Users\kaichi\documents\visual studio 2010\Projects\abcd\abcd\Debug\link.4560.read.1.tlog
c:\Users\kaichi\documents\visual studio 2010\Projects\abcd\abcd\Debug\link.4560.write.1.tlog
c:\Users\kaichi\documents\visual studio 2010\Projects\abcd\abcd\Debug\link.4560-cvtres.read.1.tlog
c:\Users\kaichi\documents\visual studio 2010\Projects\abcd\abcd\Debug\link.4560-cvtres.write.1.tlog
c:\Users\kaichi\documents\visual studio 2010\Projects\abcd\abcd\Debug\link.command.1.tlog
c:\Users\kaichi\documents\visual studio 2010\Projects\abcd\abcd\Debug\link.read.1.tlog
c:\Users\kaichi\documents\visual studio 2010\Projects\abcd\abcd\Debug\link.write.1.tlog
c:\Users\kaichi\documents\visual studio 2010\Projects\abcd\abcd\Debug\link-cvtres.read.1.tlog
c:\Users\kaichi\documents\visual studio 2010\Projects\abcd\abcd\Debug\link-cvtres.write.1.tlog
c:\Users\kaichi\documents\visual studio 2010\Projects\abcd\abcd\Debug\mt.command.1.tlog
c:\Users\kaichi\documents\visual studio 2010\Projects\abcd\abcd\Debug\mt.read.1.tlog
c:\Users\kaichi\documents\visual studio 2010\Projects\abcd\abcd\Debug\mt.write.1.tlog
c:\Users\kaichi\documents\visual studio 2010\Projects\abcd\abcd\Debug\rc.command.1.tlog
c:\Users\kaichi\documents\visual studio 2010\Projects\abcd\abcd\Debug\rc.read.1.tlog
c:\Users\kaichi\documents\visual studio 2010\Projects\abcd\abcd\Debug\rc.write.1.tlog
c:\Users\kaichi\documents\visual studio 2010\Projects\abcd\abcd\Debug\vc100.idb
C:\USERS\KAICHI\DOCUMENTS\VISUAL STUDIO 2010\PROJECTS\ABCD\ABCD\DEBUG\VC100.PDB
C:\USERS\KAICHI\DOCUMENTS\VISUAL STUDIO 2010\PROJECTS\ABCD\DEBUG\ABCD.EXE
C:\USERS\KAICHI\DOCUMENTS\VISUAL STUDIO 2010\PROJECTS\ABCD\DEBUG\ABCD.ILK
C:\USERS\KAICHI\DOCUMENTS\VISUAL STUDIO 2010\PROJECTS\ABCD\DEBUG\ABCD.PDB
