Build started 26/9/2012 22:22:25.
     1>Project "C:\Users\kaichi\documents\visual studio 2010\Projects\abcdefh\abcdefh\abcdefh.vcxproj" on node 2 (build target(s)).
     1>InitializeBuildStatus:
         Creating "Debug\abcdefh.unsuccessfulbuild" because "AlwaysCreate" was specified.
       ClCompile:
         C:\Program Files\Microsoft Visual Studio 10.0\VC\bin\CL.exe /c /ZI /nologo /W3 /WX- /Od /Oy- /D WIN32 /D _DEBUG /D _CONSOLE /D _UNICODE /D UNICODE /Gm /EHsc /RTC1 /MDd /GS /fp:precise /Zc:wchar_t /Zc:forScope /Fo"Debug\\" /Fd"Debug\vc100.pdb" /Gd /TP /analyze- /errorReport:prompt ..\..\..\..\..\Downloads\Cis25Fall2012KaChiLauLab3Ex1.cpp
         Cis25Fall2012KaChiLauLab3Ex1.cpp
       ManifestResourceCompile:
         All outputs are up-to-date.
       Link:
         C:\Program Files\Microsoft Visual Studio 10.0\VC\bin\link.exe /ERRORREPORT:PROMPT /OUT:"C:\Users\kaichi\documents\visual studio 2010\Projects\abcdefh\Debug\abcdefh.exe" /INCREMENTAL /NOLOGO kernel32.lib user32.lib gdi32.lib winspool.lib comdlg32.lib advapi32.lib shell32.lib ole32.lib oleaut32.lib uuid.lib odbc32.lib odbccp32.lib /MANIFEST /ManifestFile:"Debug\abcdefh.exe.intermediate.manifest" /MANIFESTUAC:"level='asInvoker' uiAccess='false'" /DEBUG /PDB:"C:\Users\kaichi\documents\visual studio 2010\Projects\abcdefh\Debug\abcdefh.pdb" /SUBSYSTEM:CONSOLE /TLBID:1 /DYNAMICBASE /NXCOMPAT /IMPLIB:"C:\Users\kaichi\documents\visual studio 2010\Projects\abcdefh\Debug\abcdefh.lib" /MACHINE:X86 Debug\abcdefh.exe.embed.manifest.res
         Debug\Cis25Fall2012KaChiLauLab3Ex1.obj
       Manifest:
         C:\Program Files\Microsoft SDKs\Windows\v7.0A\bin\mt.exe /nologo /verbose /out:"Debug\abcdefh.exe.embed.manifest" /manifest Debug\abcdefh.exe.intermediate.manifest
         All outputs are up-to-date.
       LinkEmbedManifest:
         All outputs are up-to-date.
         abcdefh.vcxproj -> C:\Users\kaichi\documents\visual studio 2010\Projects\abcdefh\Debug\abcdefh.exe
       FinalizeBuildStatus:
         Deleting file "Debug\abcdefh.unsuccessfulbuild".
         Touching "Debug\abcdefh.lastbuildstate".
     1>Done Building Project "C:\Users\kaichi\documents\visual studio 2010\Projects\abcdefh\abcdefh\abcdefh.vcxproj" (build target(s)).

Build succeeded.

Time Elapsed 00:00:04.86
