Build started 7/11/2011 21:22:41.
     1>Project "C:\Users\kaichi\Documents\Visual Studio 2010\Projects\cis26lab5ex1\cis26lab5ex1\cis26lab5ex1.vcxproj" on node 2 (build target(s)).
     1>InitializeBuildStatus:
         Touching "Debug\cis26lab5ex1.unsuccessfulbuild".
       ClCompile:
         C:\Program Files\Microsoft Visual Studio 10.0\VC\bin\CL.exe /c /ZI /nologo /W3 /WX- /Od /Oy- /D WIN32 /D _DEBUG /D _CONSOLE /D _UNICODE /D UNICODE /Gm /EHsc /RTC1 /MDd /GS /fp:precise /Zc:wchar_t /Zc:forScope /Fo"Debug\\" /Fd"Debug\vc100.pdb" /Gd /TC /analyze- /errorReport:prompt ..\cis26Fall2011L43671KaChiLauLab5Ex1.c
         cis26Fall2011L43671KaChiLauLab5Ex1.c
     1>c:\users\kaichi\documents\visual studio 2010\projects\cis26lab5ex1\cis26fall2011l43671kachilaulab5ex1.c(79): warning C4996: 'scanf': This function or variable may be unsafe. Consider using scanf_s instead. To disable deprecation, use _CRT_SECURE_NO_WARNINGS. See online help for details.
                 c:\program files\microsoft visual studio 10.0\vc\include\stdio.h(304) : see declaration of 'scanf'
     1>c:\users\kaichi\documents\visual studio 2010\projects\cis26lab5ex1\cis26fall2011l43671kachilaulab5ex1.c(83): warning C4996: 'scanf': This function or variable may be unsafe. Consider using scanf_s instead. To disable deprecation, use _CRT_SECURE_NO_WARNINGS. See online help for details.
                 c:\program files\microsoft visual studio 10.0\vc\include\stdio.h(304) : see declaration of 'scanf'
     1>c:\users\kaichi\documents\visual studio 2010\projects\cis26lab5ex1\cis26fall2011l43671kachilaulab5ex1.c(114): warning C4996: 'scanf': This function or variable may be unsafe. Consider using scanf_s instead. To disable deprecation, use _CRT_SECURE_NO_WARNINGS. See online help for details.
                 c:\program files\microsoft visual studio 10.0\vc\include\stdio.h(304) : see declaration of 'scanf'
     1>c:\users\kaichi\documents\visual studio 2010\projects\cis26lab5ex1\cis26fall2011l43671kachilaulab5ex1.c(118): warning C4996: 'scanf': This function or variable may be unsafe. Consider using scanf_s instead. To disable deprecation, use _CRT_SECURE_NO_WARNINGS. See online help for details.
                 c:\program files\microsoft visual studio 10.0\vc\include\stdio.h(304) : see declaration of 'scanf'
     1>c:\users\kaichi\documents\visual studio 2010\projects\cis26lab5ex1\cis26fall2011l43671kachilaulab5ex1.c(145): warning C4244: 'return' : conversion from '__int64' to 'int', possible loss of data
     1>c:\users\kaichi\documents\visual studio 2010\projects\cis26lab5ex1\cis26fall2011l43671kachilaulab5ex1.c(159): warning C4996: 'scanf': This function or variable may be unsafe. Consider using scanf_s instead. To disable deprecation, use _CRT_SECURE_NO_WARNINGS. See online help for details.
                 c:\program files\microsoft visual studio 10.0\vc\include\stdio.h(304) : see declaration of 'scanf'
     1>c:\users\kaichi\documents\visual studio 2010\projects\cis26lab5ex1\cis26fall2011l43671kachilaulab5ex1.c(163): warning C4996: 'scanf': This function or variable may be unsafe. Consider using scanf_s instead. To disable deprecation, use _CRT_SECURE_NO_WARNINGS. See online help for details.
                 c:\program files\microsoft visual studio 10.0\vc\include\stdio.h(304) : see declaration of 'scanf'
     1>c:\users\kaichi\documents\visual studio 2010\projects\cis26lab5ex1\cis26fall2011l43671kachilaulab5ex1.c(190): warning C4244: 'return' : conversion from '__int64' to 'int', possible loss of data
     1>c:\users\kaichi\documents\visual studio 2010\projects\cis26lab5ex1\cis26fall2011l43671kachilaulab5ex1.c(202): warning C4996: 'scanf': This function or variable may be unsafe. Consider using scanf_s instead. To disable deprecation, use _CRT_SECURE_NO_WARNINGS. See online help for details.
                 c:\program files\microsoft visual studio 10.0\vc\include\stdio.h(304) : see declaration of 'scanf'
     1>c:\users\kaichi\documents\visual studio 2010\projects\cis26lab5ex1\cis26fall2011l43671kachilaulab5ex1.c(206): warning C4996: 'scanf': This function or variable may be unsafe. Consider using scanf_s instead. To disable deprecation, use _CRT_SECURE_NO_WARNINGS. See online help for details.
                 c:\program files\microsoft visual studio 10.0\vc\include\stdio.h(304) : see declaration of 'scanf'
     1>c:\users\kaichi\documents\visual studio 2010\projects\cis26lab5ex1\cis26fall2011l43671kachilaulab5ex1.c(235): warning C4244: 'return' : conversion from '__int64' to 'int', possible loss of data
       ManifestResourceCompile:
         All outputs are up-to-date.
       Link:
         C:\Program Files\Microsoft Visual Studio 10.0\VC\bin\link.exe /ERRORREPORT:PROMPT /OUT:"C:\Users\kaichi\Documents\Visual Studio 2010\Projects\cis26lab5ex1\Debug\cis26lab5ex1.exe" /INCREMENTAL /NOLOGO kernel32.lib user32.lib gdi32.lib winspool.lib comdlg32.lib advapi32.lib shell32.lib ole32.lib oleaut32.lib uuid.lib odbc32.lib odbccp32.lib /MANIFEST /ManifestFile:"Debug\cis26lab5ex1.exe.intermediate.manifest" /MANIFESTUAC:"level='asInvoker' uiAccess='false'" /DEBUG /PDB:"C:\Users\kaichi\Documents\Visual Studio 2010\Projects\cis26lab5ex1\Debug\cis26lab5ex1.pdb" /SUBSYSTEM:CONSOLE /TLBID:1 /DYNAMICBASE /NXCOMPAT /IMPLIB:"C:\Users\kaichi\Documents\Visual Studio 2010\Projects\cis26lab5ex1\Debug\cis26lab5ex1.lib" /MACHINE:X86 Debug\cis26lab5ex1.exe.embed.manifest.res
         Debug\cis26Fall2011L43671KaChiLauLab5Ex1.obj
     1>LINK : fatal error LNK1168: cannot open C:\Users\kaichi\Documents\Visual Studio 2010\Projects\cis26lab5ex1\Debug\cis26lab5ex1.exe for writing
     1>Done Building Project "C:\Users\kaichi\Documents\Visual Studio 2010\Projects\cis26lab5ex1\cis26lab5ex1\cis26lab5ex1.vcxproj" (build target(s)) -- FAILED.

Build FAILED.

Time Elapsed 00:00:01.76
