C:\USERS\KAICHI\DOCUMENTS\VISUAL STUDIO 2010\PROJECTS\CIS26LAB62\CIS26LAB62\DEBUG\CIS26FALL2011L43671KACHILAULAB6EX1.OBJ
C:\USERS\KAICHI\DOCUMENTS\VISUAL STUDIO 2010\PROJECTS\CIS26LAB62\CIS26LAB62\DEBUG\CIS26LAB62.EXE.EMBED.MANIFEST
C:\USERS\KAICHI\DOCUMENTS\VISUAL STUDIO 2010\PROJECTS\CIS26LAB62\CIS26LAB62\DEBUG\CIS26LAB62.EXE.EMBED.MANIFEST.RES
C:\USERS\KAICHI\DOCUMENTS\VISUAL STUDIO 2010\PROJECTS\CIS26LAB62\CIS26LAB62\DEBUG\CIS26LAB62.EXE.INTERMEDIATE.MANIFEST
c:\Users\kaichi\documents\visual studio 2010\Projects\cis26lab62\cis26lab62\Debug\cis26lab62_manifest.rc
c:\Users\kaichi\documents\visual studio 2010\Projects\cis26lab62\cis26lab62\Debug\cl.command.1.tlog
c:\Users\kaichi\documents\visual studio 2010\Projects\cis26lab62\cis26lab62\Debug\CL.read.1.tlog
c:\Users\kaichi\documents\visual studio 2010\Projects\cis26lab62\cis26lab62\Debug\CL.write.1.tlog
c:\Users\kaichi\documents\visual studio 2010\Projects\cis26lab62\cis26lab62\Debug\link.5804.read.1.tlog
c:\Users\kaichi\documents\visual studio 2010\Projects\cis26lab62\cis26lab62\Debug\link.5804.write.1.tlog
c:\Users\kaichi\documents\visual studio 2010\Projects\cis26lab62\cis26lab62\Debug\link.5804-cvtres.read.1.tlog
c:\Users\kaichi\documents\visual studio 2010\Projects\cis26lab62\cis26lab62\Debug\link.5804-cvtres.write.1.tlog
c:\Users\kaichi\documents\visual studio 2010\Projects\cis26lab62\cis26lab62\Debug\link.6052.read.1.tlog
c:\Users\kaichi\documents\visual studio 2010\Projects\cis26lab62\cis26lab62\Debug\link.6052.write.1.tlog
c:\Users\kaichi\documents\visual studio 2010\Projects\cis26lab62\cis26lab62\Debug\link.6052-cvtres.read.1.tlog
c:\Users\kaichi\documents\visual studio 2010\Projects\cis26lab62\cis26lab62\Debug\link.6052-cvtres.write.1.tlog
c:\Users\kaichi\documents\visual studio 2010\Projects\cis26lab62\cis26lab62\Debug\link.command.1.tlog
c:\Users\kaichi\documents\visual studio 2010\Projects\cis26lab62\cis26lab62\Debug\link.read.1.tlog
c:\Users\kaichi\documents\visual studio 2010\Projects\cis26lab62\cis26lab62\Debug\link.write.1.tlog
c:\Users\kaichi\documents\visual studio 2010\Projects\cis26lab62\cis26lab62\Debug\link-cvtres.read.1.tlog
c:\Users\kaichi\documents\visual studio 2010\Projects\cis26lab62\cis26lab62\Debug\link-cvtres.write.1.tlog
c:\Users\kaichi\documents\visual studio 2010\Projects\cis26lab62\cis26lab62\Debug\mt.command.1.tlog
c:\Users\kaichi\documents\visual studio 2010\Projects\cis26lab62\cis26lab62\Debug\mt.read.1.tlog
c:\Users\kaichi\documents\visual studio 2010\Projects\cis26lab62\cis26lab62\Debug\mt.write.1.tlog
c:\Users\kaichi\documents\visual studio 2010\Projects\cis26lab62\cis26lab62\Debug\rc.command.1.tlog
c:\Users\kaichi\documents\visual studio 2010\Projects\cis26lab62\cis26lab62\Debug\rc.read.1.tlog
c:\Users\kaichi\documents\visual studio 2010\Projects\cis26lab62\cis26lab62\Debug\rc.write.1.tlog
c:\Users\kaichi\documents\visual studio 2010\Projects\cis26lab62\cis26lab62\Debug\vc100.idb
C:\USERS\KAICHI\DOCUMENTS\VISUAL STUDIO 2010\PROJECTS\CIS26LAB62\CIS26LAB62\DEBUG\VC100.PDB
C:\USERS\KAICHI\DOCUMENTS\VISUAL STUDIO 2010\PROJECTS\CIS26LAB62\DEBUG\CIS26LAB62.EXE
C:\USERS\KAICHI\DOCUMENTS\VISUAL STUDIO 2010\PROJECTS\CIS26LAB62\DEBUG\CIS26LAB62.ILK
C:\USERS\KAICHI\DOCUMENTS\VISUAL STUDIO 2010\PROJECTS\CIS26LAB62\DEBUG\CIS26LAB62.PDB
